<?xml version="1.0" encoding="UTF-8"?>
<!-- Generated by org.testng.reporters.JUnitReportReporter -->
<testsuite hostname="Hacker" name="example.NewTest" tests="1" failures="0" timestamp="10 Apr 2018 15:54:25 GMT" time="19.469" errors="0">
  <testcase name="testEasy" time="19.469" classname="example.NewTest"/>
</testsuite> <!-- example.NewTest -->
