<?xml version="1.0" encoding="UTF-8"?>
<!-- Generated by org.testng.reporters.JUnitReportReporter -->
<testsuite hostname="Hacker" name="example.NewTest" tests="1" failures="0" timestamp="9 Apr 2018 16:12:16 GMT" time="10.765" errors="0">
  <testcase name="testEasy" time="10.765" classname="example.NewTest"/>
</testsuite> <!-- example.NewTest -->
